[INFO]: Run Directory: /home/passant/caravel_user_project_example/openlane/user_project_wrapper/runs/23_02_12_06_36
[INFO]: Preparing LEF files for the nom corner...
[INFO]: Preparing LEF files for the min corner...
[INFO]: Preparing LEF files for the max corner...
[INFO]: Running Synthesis (log: ../home/passant/caravel_user_project_example/openlane/user_project_wrapper/runs/23_02_12_06_36/logs/synthesis/1-synthesis.log)...
[INFO]: Running Single-Corner Static Timing Analysis (log: ../home/passant/caravel_user_project_example/openlane/user_project_wrapper/runs/23_02_12_06_36/logs/synthesis/2-sta.log)...
[INFO]: Creating a netlist with power/ground pins.
[INFO]: Running Initial Floorplanning (log: ../home/passant/caravel_user_project_example/openlane/user_project_wrapper/runs/23_02_12_06_36/logs/floorplan/3-initial_fp.log)...
[INFO]: Floorplanned with width 2908.58 and height 3497.92.
[INFO]: Running IO Placement...
[INFO]: Applying DEF template...
[INFO]: Running Tap/Decap Insertion (log: ../home/passant/caravel_user_project_example/openlane/user_project_wrapper/runs/23_02_12_06_36/logs/floorplan/5-tap.log)...
[INFO]: Power planning with power {vccd1 vccd2 vdda1 vdda2} and ground {vssd1 vssd2 vssa1 vssa2}...
[INFO]: Generating PDN (log: ../home/passant/caravel_user_project_example/openlane/user_project_wrapper/runs/23_02_12_06_36/logs/floorplan/6-pdn.log)...
[INFO]: Running Global Placement (log: ../home/passant/caravel_user_project_example/openlane/user_project_wrapper/runs/23_02_12_06_36/logs/placement/7-global.log)...
[INFO]: Running Placement Resizer Design Optimizations (log: ../home/passant/caravel_user_project_example/openlane/user_project_wrapper/runs/23_02_12_06_36/logs/placement/8-resizer.log)...
[INFO]: Running Detailed Placement (log: ../home/passant/caravel_user_project_example/openlane/user_project_wrapper/runs/23_02_12_06_36/logs/placement/9-detailed.log)...
[INFO]: Running Clock Tree Synthesis (log: ../home/passant/caravel_user_project_example/openlane/user_project_wrapper/runs/23_02_12_06_36/logs/cts/10-cts.log)...
[INFO]: Running Placement Resizer Timing Optimizations (log: ../home/passant/caravel_user_project_example/openlane/user_project_wrapper/runs/23_02_12_06_36/logs/cts/11-resizer.log)...
[INFO]: Running Global Routing Resizer Timing Optimizations (log: ../home/passant/caravel_user_project_example/openlane/user_project_wrapper/runs/23_02_12_06_36/logs/routing/12-resizer.log)...
[INFO]: Running Detailed Placement (log: ../home/passant/caravel_user_project_example/openlane/user_project_wrapper/runs/23_02_12_06_36/logs/routing/13-diode_legalization.log)...
[INFO]: Running Global Routing (log: ../home/passant/caravel_user_project_example/openlane/user_project_wrapper/runs/23_02_12_06_36/logs/routing/14-global.log)...
[INFO]: Starting OpenROAD Antenna Repair Iterations...
[INFO]: Starting antenna repair iteration 1 with 29 violations...
[INFO]: [Iteration 1] Failed to reduce antenna violations (29 -> 29), stopping iterations...
[INFO]: Writing Verilog (log: ../home/passant/caravel_user_project_example/openlane/user_project_wrapper/runs/23_02_12_06_36/logs/routing/14-global_write_netlist.log)...
[INFO]: Running Fill Insertion (log: ../home/passant/caravel_user_project_example/openlane/user_project_wrapper/runs/23_02_12_06_36/logs/routing/16-fill.log)...
[INFO]: Running Detailed Routing (log: ../home/passant/caravel_user_project_example/openlane/user_project_wrapper/runs/23_02_12_06_36/logs/routing/17-detailed.log)...
[INFO]: No DRC violations after detailed routing.
[INFO]: Checking Wire Lengths (log: ../home/passant/caravel_user_project_example/openlane/user_project_wrapper/runs/23_02_12_06_36/logs/routing/18-wire_lengths.log)...
[INFO]: Running SPEF Extraction at the min process corner (log: ../home/passant/caravel_user_project_example/openlane/user_project_wrapper/runs/23_02_12_06_36/logs/signoff/19-parasitics_extraction.min.log)...
[INFO]: Running Multi-Corner Static Timing Analysis at the min process corner (log: ../home/passant/caravel_user_project_example/openlane/user_project_wrapper/runs/23_02_12_06_36/logs/signoff/20-rcx_mcsta.min.log)...
[INFO]: Running SPEF Extraction at the max process corner (log: ../home/passant/caravel_user_project_example/openlane/user_project_wrapper/runs/23_02_12_06_36/logs/signoff/21-parasitics_extraction.max.log)...
[INFO]: Running Multi-Corner Static Timing Analysis at the max process corner (log: ../home/passant/caravel_user_project_example/openlane/user_project_wrapper/runs/23_02_12_06_36/logs/signoff/22-rcx_mcsta.max.log)...
[INFO]: Running SPEF Extraction at the nom process corner (log: ../home/passant/caravel_user_project_example/openlane/user_project_wrapper/runs/23_02_12_06_36/logs/signoff/23-parasitics_extraction.nom.log)...
[INFO]: Running Multi-Corner Static Timing Analysis at the nom process corner (log: ../home/passant/caravel_user_project_example/openlane/user_project_wrapper/runs/23_02_12_06_36/logs/signoff/24-rcx_mcsta.nom.log)...
[INFO]: Running Single-Corner Static Timing Analysis at the nom process corner (log: ../home/passant/caravel_user_project_example/openlane/user_project_wrapper/runs/23_02_12_06_36/logs/signoff/25-rcx_sta.log)...
[INFO]: Running Magic to generate various views...
[INFO]: Streaming out GDSII with Magic (log: ../home/passant/caravel_user_project_example/openlane/user_project_wrapper/runs/23_02_12_06_36/logs/signoff/26-gdsii.log)...
[INFO]: Generating MAGLEF views...
[INFO]: Running OpenROAD Antenna Rule Checker (log: ../home/passant/caravel_user_project_example/openlane/user_project_wrapper/runs/23_02_12_06_36/logs/signoff/27-antenna.log)...
[INFO]: Saving current set of views in '../home/passant/caravel_user_project_example/openlane/user_project_wrapper/runs/23_02_12_06_36/results/final'...
[INFO]: Saving current set of views in '../home/passant/caravel_user_project_example'...
[INFO]: Saving runtime environment...
[INFO]: Generating final set of reports...
[INFO]: Created manufacturability report at '../home/passant/caravel_user_project_example/openlane/user_project_wrapper/runs/23_02_12_06_36/reports/manufacturability.rpt'.
[INFO]: Created metrics report at '../home/passant/caravel_user_project_example/openlane/user_project_wrapper/runs/23_02_12_06_36/reports/metrics.csv'.
[WARNING]: There are max fanout violations in the design at the typical corner. Please refer to '../home/passant/caravel_user_project_example/openlane/user_project_wrapper/runs/23_02_12_06_36/reports/signoff/25-rcx_sta.slew.rpt'.
[INFO]: There are no hold violations in the design at the typical corner.
[INFO]: There are no setup violations in the design at the typical corner.
[SUCCESS]: Flow complete.
[INFO]: Note that the following warnings have been generated:
